
Start-Date: 2026-02-17  02:06:31
Commandline: apt-get install --reinstall apt
Reinstall: apt:arm64 (2.7.14build2)
End-Date: 2026-02-17  02:06:32

Start-Date: 2026-02-17  02:06:35
Commandline: apt-get install --reinstall base-files
Reinstall: base-files:arm64 (13ubuntu10)
End-Date: 2026-02-17  02:06:36

Start-Date: 2026-02-17  02:06:39
Commandline: apt-get install --reinstall base-passwd
Reinstall: base-passwd:arm64 (3.6.3build1)
End-Date: 2026-02-17  02:06:40

Start-Date: 2026-02-17  02:06:43
Commandline: apt-get install --reinstall bash
Reinstall: bash:arm64 (5.2.21-2ubuntu4)
End-Date: 2026-02-17  02:06:44

Start-Date: 2026-02-17  02:06:47
Commandline: apt-get install --reinstall bsdutils
Reinstall: bsdutils:arm64 (1:2.39.3-9ubuntu6)
End-Date: 2026-02-17  02:06:48

Start-Date: 2026-02-17  02:06:52
Commandline: apt-get install --reinstall coreutils
Reinstall: coreutils:arm64 (9.4-3ubuntu6)
End-Date: 2026-02-17  02:06:53

Start-Date: 2026-02-17  02:06:55
Commandline: apt-get install --reinstall dash
Reinstall: dash:arm64 (0.5.12-6ubuntu5)
End-Date: 2026-02-17  02:06:57

Start-Date: 2026-02-17  02:06:59
Commandline: apt-get install --reinstall debconf
Reinstall: debconf:arm64 (1.5.86ubuntu1)
End-Date: 2026-02-17  02:07:01

Start-Date: 2026-02-17  02:07:03
Commandline: apt-get install --reinstall debianutils
Reinstall: debianutils:arm64 (5.17build1)
End-Date: 2026-02-17  02:07:04

Start-Date: 2026-02-17  02:07:07
Commandline: apt-get install --reinstall diffutils
Reinstall: diffutils:arm64 (1:3.10-1build1)
End-Date: 2026-02-17  02:07:08

Start-Date: 2026-02-17  02:07:12
Commandline: apt-get install --reinstall dpkg
Reinstall: dpkg:arm64 (1.22.6ubuntu6)
End-Date: 2026-02-17  02:07:13

Start-Date: 2026-02-17  02:07:16
Commandline: apt-get install --reinstall e2fsprogs
Reinstall: e2fsprogs:arm64 (1.47.0-2.4~exp1ubuntu4)
End-Date: 2026-02-17  02:07:17

Start-Date: 2026-02-17  02:07:20
Commandline: apt-get install --reinstall findutils
Reinstall: findutils:arm64 (4.9.0-5build1)
End-Date: 2026-02-17  02:07:21

Start-Date: 2026-02-17  02:07:24
Commandline: apt-get install --reinstall gcc-14-base:arm64
Reinstall: gcc-14-base:arm64 (14-20240412-0ubuntu1)
End-Date: 2026-02-17  02:07:25

Start-Date: 2026-02-17  02:07:27
Commandline: apt-get install --reinstall gpgv
Reinstall: gpgv:arm64 (2.4.4-2ubuntu17)
End-Date: 2026-02-17  02:07:29

Start-Date: 2026-02-17  02:07:31
Commandline: apt-get install --reinstall grep
Reinstall: grep:arm64 (3.11-4build1)
End-Date: 2026-02-17  02:07:32

Start-Date: 2026-02-17  02:07:35
Commandline: apt-get install --reinstall gzip
Reinstall: gzip:arm64 (1.12-1ubuntu3)
End-Date: 2026-02-17  02:07:36

Start-Date: 2026-02-17  02:07:38
Commandline: apt-get install --reinstall hostname
Reinstall: hostname:arm64 (3.23+nmu2ubuntu2)
End-Date: 2026-02-17  02:07:40

Start-Date: 2026-02-17  02:07:42
Commandline: apt-get install --reinstall init-system-helpers
Reinstall: init-system-helpers:arm64 (1.66ubuntu1)
End-Date: 2026-02-17  02:07:43

Start-Date: 2026-02-17  02:07:46
Commandline: apt-get install --reinstall libacl1:arm64
Reinstall: libacl1:arm64 (2.3.2-1build1)
End-Date: 2026-02-17  02:07:47

Start-Date: 2026-02-17  02:07:50
Commandline: apt-get install --reinstall libapt-pkg6.0t64:arm64
Reinstall: libapt-pkg6.0t64:arm64 (2.7.14build2)
End-Date: 2026-02-17  02:07:51

Start-Date: 2026-02-17  02:07:54
Commandline: apt-get install --reinstall libassuan0:arm64
Reinstall: libassuan0:arm64 (2.5.6-1build1)
End-Date: 2026-02-17  02:07:55

Start-Date: 2026-02-17  02:07:57
Commandline: apt-get install --reinstall libattr1:arm64
Reinstall: libattr1:arm64 (1:2.5.2-1build1)
End-Date: 2026-02-17  02:07:58

Start-Date: 2026-02-17  02:08:01
Commandline: apt-get install --reinstall libaudit-common
Reinstall: libaudit-common:arm64 (1:3.1.2-2.1build1)
End-Date: 2026-02-17  02:08:02

Start-Date: 2026-02-17  02:08:05
Commandline: apt-get install --reinstall libaudit1:arm64
Reinstall: libaudit1:arm64 (1:3.1.2-2.1build1)
End-Date: 2026-02-17  02:08:06

Start-Date: 2026-02-17  02:08:08
Commandline: apt-get install --reinstall libblkid1:arm64
Reinstall: libblkid1:arm64 (2.39.3-9ubuntu6)
End-Date: 2026-02-17  02:08:10

Start-Date: 2026-02-17  02:08:12
Commandline: apt-get install --reinstall libbz2-1.0:arm64
Reinstall: libbz2-1.0:arm64 (1.0.8-5.1)
End-Date: 2026-02-17  02:08:13

Start-Date: 2026-02-17  02:08:16
Commandline: apt-get install --reinstall libc-bin
Reinstall: libc-bin:arm64 (2.39-0ubuntu8)
End-Date: 2026-02-17  02:08:17

Start-Date: 2026-02-17  02:08:21
Commandline: apt-get install --reinstall libc6:arm64
Reinstall: libc6:arm64 (2.39-0ubuntu8)
End-Date: 2026-02-17  02:08:24

Start-Date: 2026-02-17  02:08:26
Commandline: apt-get install --reinstall libcap-ng0:arm64
Reinstall: libcap-ng0:arm64 (0.8.4-2build2)
End-Date: 2026-02-17  02:08:28

Start-Date: 2026-02-17  02:08:30
Commandline: apt-get install --reinstall libcap2:arm64
Reinstall: libcap2:arm64 (1:2.66-5ubuntu2)
End-Date: 2026-02-17  02:08:31

Start-Date: 2026-02-17  02:08:34
Commandline: apt-get install --reinstall libcom-err2:arm64
Reinstall: libcom-err2:arm64 (1.47.0-2.4~exp1ubuntu4)
End-Date: 2026-02-17  02:08:35

Start-Date: 2026-02-17  02:08:37
Commandline: apt-get install --reinstall libcrypt1:arm64
Reinstall: libcrypt1:arm64 (1:4.4.36-4build1)
End-Date: 2026-02-17  02:08:39

Start-Date: 2026-02-17  02:08:41
Commandline: apt-get install --reinstall libdebconfclient0:arm64
Reinstall: libdebconfclient0:arm64 (0.271ubuntu3)
End-Date: 2026-02-17  02:08:42

Start-Date: 2026-02-17  02:08:45
Commandline: apt-get install --reinstall libext2fs2t64:arm64
Reinstall: libext2fs2t64:arm64 (1.47.0-2.4~exp1ubuntu4)
End-Date: 2026-02-17  02:08:46

Start-Date: 2026-02-17  02:08:48
Commandline: apt-get install --reinstall libffi8:arm64
Reinstall: libffi8:arm64 (3.4.6-1build1)
End-Date: 2026-02-17  02:08:50

Start-Date: 2026-02-17  02:08:52
Commandline: apt-get install --reinstall libgcc-s1:arm64
Reinstall: libgcc-s1:arm64 (14-20240412-0ubuntu1)
End-Date: 2026-02-17  02:08:53

Start-Date: 2026-02-17  02:08:56
Commandline: apt-get install --reinstall libgcrypt20:arm64
Reinstall: libgcrypt20:arm64 (1.10.3-2build1)
End-Date: 2026-02-17  02:08:57

Start-Date: 2026-02-17  02:09:00
Commandline: apt-get install --reinstall libgmp10:arm64
Reinstall: libgmp10:arm64 (2:6.3.0+dfsg-2ubuntu6)
End-Date: 2026-02-17  02:09:01

Start-Date: 2026-02-17  02:09:04
Commandline: apt-get install --reinstall libgnutls30t64:arm64
Reinstall: libgnutls30t64:arm64 (3.8.3-1.1ubuntu3)
End-Date: 2026-02-17  02:09:06

Start-Date: 2026-02-17  02:09:08
Commandline: apt-get install --reinstall libgpg-error0:arm64
Reinstall: libgpg-error0:arm64 (1.47-3build2)
End-Date: 2026-02-17  02:09:09

Start-Date: 2026-02-17  02:09:12
Commandline: apt-get install --reinstall libhogweed6t64:arm64
Reinstall: libhogweed6t64:arm64 (3.9.1-2.2build1)
End-Date: 2026-02-17  02:09:13

Start-Date: 2026-02-17  02:09:16
Commandline: apt-get install --reinstall libidn2-0:arm64
Reinstall: libidn2-0:arm64 (2.3.7-2build1)
End-Date: 2026-02-17  02:09:17

Start-Date: 2026-02-17  02:09:20
Commandline: apt-get install --reinstall liblz4-1:arm64
Reinstall: liblz4-1:arm64 (1.9.4-1build1)
End-Date: 2026-02-17  02:09:21

Start-Date: 2026-02-17  02:09:23
Commandline: apt-get install --reinstall liblzma5:arm64
Reinstall: liblzma5:arm64 (5.6.1+really5.4.5-1)
End-Date: 2026-02-17  02:09:25

Start-Date: 2026-02-17  02:09:27
Commandline: apt-get install --reinstall libmd0:arm64
Reinstall: libmd0:arm64 (1.1.0-2build1)
End-Date: 2026-02-17  02:09:28

Start-Date: 2026-02-17  02:09:31
Commandline: apt-get install --reinstall libmount1:arm64
Reinstall: libmount1:arm64 (2.39.3-9ubuntu6)
End-Date: 2026-02-17  02:09:32

Start-Date: 2026-02-17  02:09:35
Commandline: apt-get install --reinstall libncursesw6:arm64
Reinstall: libncursesw6:arm64 (6.4+20240113-1ubuntu2)
End-Date: 2026-02-17  02:09:36

Start-Date: 2026-02-17  02:09:39
Commandline: apt-get install --reinstall libnettle8t64:arm64
Reinstall: libnettle8t64:arm64 (3.9.1-2.2build1)
End-Date: 2026-02-17  02:09:40

Start-Date: 2026-02-17  02:09:43
Commandline: apt-get install --reinstall libnpth0t64:arm64
Reinstall: libnpth0t64:arm64 (1.6-3.1build1)
End-Date: 2026-02-17  02:09:44

Start-Date: 2026-02-17  02:09:46
Commandline: apt-get install --reinstall libp11-kit0:arm64
Reinstall: libp11-kit0:arm64 (0.25.3-4ubuntu2)
End-Date: 2026-02-17  02:09:48

Start-Date: 2026-02-17  02:09:50
Commandline: apt-get install --reinstall libpam-modules:arm64
Reinstall: libpam-modules:arm64 (1.5.3-5ubuntu5)
End-Date: 2026-02-17  02:09:52

Start-Date: 2026-02-17  02:09:54
Commandline: apt-get install --reinstall libpam-modules-bin
Reinstall: libpam-modules-bin:arm64 (1.5.3-5ubuntu5)
End-Date: 2026-02-17  02:09:55

Start-Date: 2026-02-17  02:09:58
Commandline: apt-get install --reinstall libpam-runtime
Reinstall: libpam-runtime:arm64 (1.5.3-5ubuntu5)
End-Date: 2026-02-17  02:09:59

Start-Date: 2026-02-17  02:10:02
Commandline: apt-get install --reinstall libpam0g:arm64
Reinstall: libpam0g:arm64 (1.5.3-5ubuntu5)
End-Date: 2026-02-17  02:10:03

Start-Date: 2026-02-17  02:10:06
Commandline: apt-get install --reinstall libpcre2-8-0:arm64
Reinstall: libpcre2-8-0:arm64 (10.42-4ubuntu2)
End-Date: 2026-02-17  02:10:07

Start-Date: 2026-02-17  02:10:09
Commandline: apt-get install --reinstall libproc2-0:arm64
Reinstall: libproc2-0:arm64 (2:4.0.4-4ubuntu3)
End-Date: 2026-02-17  02:10:10

Start-Date: 2026-02-17  02:10:13
Commandline: apt-get install --reinstall libseccomp2:arm64
Reinstall: libseccomp2:arm64 (2.5.5-1ubuntu3)
End-Date: 2026-02-17  02:10:14

Start-Date: 2026-02-17  02:10:16
Commandline: apt-get install --reinstall libselinux1:arm64
Reinstall: libselinux1:arm64 (3.5-2ubuntu2)
End-Date: 2026-02-17  02:10:18

Start-Date: 2026-02-17  02:10:20
Commandline: apt-get install --reinstall libsemanage-common
Reinstall: libsemanage-common:arm64 (3.5-1build5)
End-Date: 2026-02-17  02:10:21

Start-Date: 2026-02-17  02:10:24
Commandline: apt-get install --reinstall libsemanage2:arm64
Reinstall: libsemanage2:arm64 (3.5-1build5)
End-Date: 2026-02-17  02:10:25

Start-Date: 2026-02-17  02:10:28
Commandline: apt-get install --reinstall libsepol2:arm64
Reinstall: libsepol2:arm64 (3.5-2build1)
End-Date: 2026-02-17  02:10:29

Start-Date: 2026-02-17  02:10:31
Commandline: apt-get install --reinstall libsmartcols1:arm64
Reinstall: libsmartcols1:arm64 (2.39.3-9ubuntu6)
End-Date: 2026-02-17  02:10:32

Start-Date: 2026-02-17  02:10:35
Commandline: apt-get install --reinstall libss2:arm64
Reinstall: libss2:arm64 (1.47.0-2.4~exp1ubuntu4)
End-Date: 2026-02-17  02:10:36

Start-Date: 2026-02-17  02:10:40
Commandline: apt-get install --reinstall libssl3t64:arm64
Reinstall: libssl3t64:arm64 (3.0.13-0ubuntu3)
End-Date: 2026-02-17  02:10:41

Start-Date: 2026-02-17  02:10:44
Commandline: apt-get install --reinstall libstdc++6:arm64
Reinstall: libstdc++6:arm64 (14-20240412-0ubuntu1)
End-Date: 2026-02-17  02:10:45

Start-Date: 2026-02-17  02:10:48
Commandline: apt-get install --reinstall libsystemd0:arm64
Reinstall: libsystemd0:arm64 (255.4-1ubuntu8)
End-Date: 2026-02-17  02:10:49

Start-Date: 2026-02-17  02:10:52
Commandline: apt-get install --reinstall libtasn1-6:arm64
Reinstall: libtasn1-6:arm64 (4.19.0-3build1)
End-Date: 2026-02-17  02:10:53

Start-Date: 2026-02-17  02:10:56
Commandline: apt-get install --reinstall libtinfo6:arm64
Reinstall: libtinfo6:arm64 (6.4+20240113-1ubuntu2)
End-Date: 2026-02-17  02:10:57

Start-Date: 2026-02-17  02:10:59
Commandline: apt-get install --reinstall libudev1:arm64
Reinstall: libudev1:arm64 (255.4-1ubuntu8)
End-Date: 2026-02-17  02:11:01

Start-Date: 2026-02-17  02:11:04
Commandline: apt-get install --reinstall libunistring5:arm64
Reinstall: libunistring5:arm64 (1.1-2build1)
End-Date: 2026-02-17  02:11:05

Start-Date: 2026-02-17  02:11:07
Commandline: apt-get install --reinstall libuuid1:arm64
Reinstall: libuuid1:arm64 (2.39.3-9ubuntu6)
End-Date: 2026-02-17  02:11:08

Start-Date: 2026-02-17  02:11:11
Commandline: apt-get install --reinstall libxxhash0:arm64
Reinstall: libxxhash0:arm64 (0.8.2-2build1)
End-Date: 2026-02-17  02:11:12

Start-Date: 2026-02-17  02:11:15
Commandline: apt-get install --reinstall libzstd1:arm64
Reinstall: libzstd1:arm64 (1.5.5+dfsg2-2build1)
End-Date: 2026-02-17  02:11:16

Start-Date: 2026-02-17  02:11:19
Commandline: apt-get install --reinstall login
Reinstall: login:arm64 (1:4.13+dfsg1-4ubuntu3)
End-Date: 2026-02-17  02:11:20

Start-Date: 2026-02-17  02:11:22
Commandline: apt-get install --reinstall logsave
Reinstall: logsave:arm64 (1.47.0-2.4~exp1ubuntu4)
End-Date: 2026-02-17  02:11:23

Start-Date: 2026-02-17  02:11:26
Commandline: apt-get install --reinstall mawk
Reinstall: mawk:arm64 (1.3.4.20240123-1build1)
End-Date: 2026-02-17  02:11:27

Start-Date: 2026-02-17  02:11:30
Commandline: apt-get install --reinstall mount
Reinstall: mount:arm64 (2.39.3-9ubuntu6)
End-Date: 2026-02-17  02:11:31

Start-Date: 2026-02-17  02:11:33
Commandline: apt-get install --reinstall ncurses-base
Reinstall: ncurses-base:arm64 (6.4+20240113-1ubuntu2)
End-Date: 2026-02-17  02:11:34

Start-Date: 2026-02-17  02:11:37
Commandline: apt-get install --reinstall ncurses-bin
Reinstall: ncurses-bin:arm64 (6.4+20240113-1ubuntu2)
End-Date: 2026-02-17  02:11:38

Start-Date: 2026-02-17  02:11:41
Commandline: apt-get install --reinstall passwd
Reinstall: passwd:arm64 (1:4.13+dfsg1-4ubuntu3)
End-Date: 2026-02-17  02:11:42

Start-Date: 2026-02-17  02:11:46
Commandline: apt-get install --reinstall perl-base
Reinstall: perl-base:arm64 (5.38.2-3.2build2)
End-Date: 2026-02-17  02:11:47

Start-Date: 2026-02-17  02:11:50
Commandline: apt-get install --reinstall procps
Reinstall: procps:arm64 (2:4.0.4-4ubuntu3)
End-Date: 2026-02-17  02:11:51

Start-Date: 2026-02-17  02:11:54
Commandline: apt-get install --reinstall sed
Reinstall: sed:arm64 (4.9-2build1)
End-Date: 2026-02-17  02:11:55

Start-Date: 2026-02-17  02:11:57
Commandline: apt-get install --reinstall sensible-utils
Reinstall: sensible-utils:arm64 (0.0.22)
End-Date: 2026-02-17  02:11:58

Start-Date: 2026-02-17  02:12:01
Commandline: apt-get install --reinstall sysvinit-utils
Reinstall: sysvinit-utils:arm64 (3.08-6ubuntu3)
End-Date: 2026-02-17  02:12:02

Start-Date: 2026-02-17  02:12:05
Commandline: apt-get install --reinstall tar
Reinstall: tar:arm64 (1.35+dfsg-3build1)
End-Date: 2026-02-17  02:12:06

Start-Date: 2026-02-17  02:12:08
Commandline: apt-get install --reinstall ubuntu-keyring
Reinstall: ubuntu-keyring:arm64 (2023.11.28.1)
End-Date: 2026-02-17  02:12:09

Start-Date: 2026-02-17  02:12:13
Commandline: apt-get install --reinstall util-linux
Reinstall: util-linux:arm64 (2.39.3-9ubuntu6)
End-Date: 2026-02-17  02:12:14

Start-Date: 2026-02-17  02:12:16
Commandline: apt-get install --reinstall zlib1g:arm64
Reinstall: zlib1g:arm64 (1:1.3.dfsg-3.1ubuntu2)
End-Date: 2026-02-17  02:12:18

Start-Date: 2026-02-17  02:12:27
Commandline: apt-get --yes -oDebug::pkgDepCache::AutoInstall=yes --no-install-recommends --force-yes upgrade
Upgrade: dpkg:arm64 (1.22.6ubuntu6, 1.22.6ubuntu6.5), libsmartcols1:arm64 (2.39.3-9ubuntu6, 2.39.3-9ubuntu6.4), libpam-runtime:arm64 (1.5.3-5ubuntu5, 1.5.3-5ubuntu5.5), coreutils:arm64 (9.4-3ubuntu6, 9.4-3ubuntu6.1), libaudit-common:arm64 (1:3.1.2-2.1build1, 1:3.1.2-2.1build1.1), apt:arm64 (2.7.14build2, 2.8.3), libacl1:arm64 (2.3.2-1build1, 2.3.2-1build1.1), libunistring5:arm64 (1.1-2build1, 1.1-2build1.1), libidn2-0:arm64 (2.3.7-2build1, 2.3.7-2build1.1), libtasn1-6:arm64 (4.19.0-3build1, 4.19.0-3ubuntu0.24.04.2), libselinux1:arm64 (3.5-2ubuntu2, 3.5-2ubuntu2.1), liblzma5:arm64 (5.6.1+really5.4.5-1, 5.6.1+really5.4.5-1ubuntu0.2), libhogweed6t64:arm64 (3.9.1-2.2build1, 3.9.1-2.2build1.1), libext2fs2t64:arm64 (1.47.0-2.4~exp1ubuntu4, 1.47.0-2.4~exp1ubuntu4.1), libp11-kit0:arm64 (0.25.3-4ubuntu2, 0.25.3-4ubuntu2.1), libproc2-0:arm64 (2:4.0.4-4ubuntu3, 2:4.0.4-4ubuntu3.2), libsystemd0:arm64 (255.4-1ubuntu8, 255.4-1ubuntu8.12), libmount1:arm64 (2.39.3-9ubuntu6, 2.39.3-9ubuntu6.4), libzstd1:arm64 (1.5.5+dfsg2-2build1, 1.5.5+dfsg2-2build1.1), util-linux:arm64 (2.39.3-9ubuntu6, 2.39.3-9ubuntu6.4), libudev1:arm64 (255.4-1ubuntu8, 255.4-1ubuntu8.12), libgpg-error0:arm64 (1.47-3build2, 1.47-3build2.1), libnettle8t64:arm64 (3.9.1-2.2build1, 3.9.1-2.2build1.1), libcom-err2:arm64 (1.47.0-2.4~exp1ubuntu4, 1.47.0-2.4~exp1ubuntu4.1), libcap2:arm64 (1:2.66-5ubuntu2, 1:2.66-5ubuntu2.2), libc6:arm64 (2.39-0ubuntu8, 2.39-0ubuntu8.7), libuuid1:arm64 (2.39.3-9ubuntu6, 2.39.3-9ubuntu6.4), gpgv:arm64 (2.4.4-2ubuntu17, 2.4.4-2ubuntu17.4), base-files:arm64 (13ubuntu10, 13ubuntu10.4), gzip:arm64 (1.12-1ubuntu3, 1.12-1ubuntu3.1), login:arm64 (1:4.13+dfsg1-4ubuntu3, 1:4.13+dfsg1-4ubuntu3.2), libgmp10:arm64 (2:6.3.0+dfsg-2ubuntu6, 2:6.3.0+dfsg-2ubuntu6.1), libpcre2-8-0:arm64 (10.42-4ubuntu2, 10.42-4ubuntu2.1), libseccomp2:arm64 (2.5.5-1ubuntu3, 2.5.5-1ubuntu3.1), procps:arm64 (2:4.0.4-4ubuntu3, 2:4.0.4-4ubuntu3.2), libapt-pkg6.0t64:arm64 (2.7.14build2, 2.8.3), mount:arm64 (2.39.3-9ubuntu6, 2.39.3-9ubuntu6.4), perl-base:arm64 (5.38.2-3.2build2, 5.38.2-3.2ubuntu0.2), libpam0g:arm64 (1.5.3-5ubuntu5, 1.5.3-5ubuntu5.5), libc-bin:arm64 (2.39-0ubuntu8, 2.39-0ubuntu8.7), libattr1:arm64 (1:2.5.2-1build1, 1:2.5.2-1build1.1), libaudit1:arm64 (1:3.1.2-2.1build1, 1:3.1.2-2.1build1.1), libssl3t64:arm64 (3.0.13-0ubuntu3, 3.0.13-0ubuntu3.7), libgnutls30t64:arm64 (3.8.3-1.1ubuntu3, 3.8.3-1.1ubuntu3.5), libblkid1:arm64 (2.39.3-9ubuntu6, 2.39.3-9ubuntu6.4), logsave:arm64 (1.47.0-2.4~exp1ubuntu4, 1.47.0-2.4~exp1ubuntu4.1), liblz4-1:arm64 (1.9.4-1build1, 1.9.4-1build1.1), libbz2-1.0:arm64 (1.0.8-5.1, 1.0.8-5.1build0.1), zlib1g:arm64 (1:1.3.dfsg-3.1ubuntu2, 1:1.3.dfsg-3.1ubuntu2.1), libmd0:arm64 (1.1.0-2build1, 1.1.0-2build1.1), bsdutils:arm64 (1:2.39.3-9ubuntu6, 1:2.39.3-9ubuntu6.4), libss2:arm64 (1.47.0-2.4~exp1ubuntu4, 1.47.0-2.4~exp1ubuntu4.1), libstdc++6:arm64 (14-20240412-0ubuntu1, 14.2.0-4ubuntu2~24.04.1), e2fsprogs:arm64 (1.47.0-2.4~exp1ubuntu4, 1.47.0-2.4~exp1ubuntu4.1), passwd:arm64 (1:4.13+dfsg1-4ubuntu3, 1:4.13+dfsg1-4ubuntu3.2), gcc-14-base:arm64 (14-20240412-0ubuntu1, 14.2.0-4ubuntu2~24.04.1), libgcc-s1:arm64 (14-20240412-0ubuntu1, 14.2.0-4ubuntu2~24.04.1)
End-Date: 2026-02-17  02:12:35

Start-Date: 2026-02-17  02:12:38
Commandline: apt-get --yes -oDebug::pkgDepCache::AutoInstall=yes --no-install-recommends --force-yes dist-upgrade
Install: libdb5.3t64:arm64 (5.3.28+dfsg2-7, automatic)
Upgrade: libpam-modules:arm64 (1.5.3-5ubuntu5, 1.5.3-5ubuntu5.5), libpam-modules-bin:arm64 (1.5.3-5ubuntu5, 1.5.3-5ubuntu5.5)
End-Date: 2026-02-17  02:12:38

Start-Date: 2026-02-17  02:12:39
Commandline: apt-get --yes -oDebug::pkgDepCache::AutoInstall=yes --no-install-recommends install unminimize
Install: unminimize:arm64 (0.2.1)
End-Date: 2026-02-17  02:12:39
